This is TeX, Version 3.14159 (Web2C 7.3.1) (format=latex 1999.8.7)  24 MAR 2000 15:59
**mrml.dtd.tex
(mrml.dtd.tex
LaTeX2e <1998/12/01> patch level 1
Babel <v3.6x> and hyphenation patterns for american, french, german, ngerman, n
ohyphenation, loaded.
(/usr/share/texmf/tex/latex/base/article.cls
Document Class: article 1999/01/07 v1.4a Standard LaTeX document class
(/usr/share/texmf/tex/latex/base/size10.clo
File: size10.clo 1999/01/07 v1.4a Standard LaTeX file (size option)
)
\c@part=\count79
\c@section=\count80
\c@subsection=\count81
\c@subsubsection=\count82
\c@paragraph=\count83
\c@subparagraph=\count84
\c@figure=\count85
\c@table=\count86
\abovecaptionskip=\skip41
\belowcaptionskip=\skip42
\bibindent=\dimen102
) (mrml.dtd.aux)
\openout1 = `mrml.dtd.aux'.

LaTeX Font Info:    Checking defaults for OML/cmm/m/it on input line 7.
LaTeX Font Info:    ... okay on input line 7.
LaTeX Font Info:    Checking defaults for T1/cmr/m/n on input line 7.
LaTeX Font Info:    ... okay on input line 7.
LaTeX Font Info:    Checking defaults for OT1/cmr/m/n on input line 7.
LaTeX Font Info:    ... okay on input line 7.
LaTeX Font Info:    Checking defaults for OMS/cmsy/m/n on input line 7.
LaTeX Font Info:    ... okay on input line 7.
LaTeX Font Info:    Checking defaults for OMX/cmex/m/n on input line 7.
LaTeX Font Info:    ... okay on input line 7.
LaTeX Font Info:    Checking defaults for U/cmr/m/n on input line 7.
LaTeX Font Info:    ... okay on input line 7.
 [1

]
Underfull \hbox (badness 10000) in paragraph at lines 75--76

 []


Underfull \hbox (badness 10000) in paragraph at lines 93--94

 []


Underfull \hbox (badness 10000) in paragraph at lines 111--112

 []


Overfull \hbox (32.82326pt too wide) in paragraph at lines 113--117
\OT1/cmr/m/n/10 a given user. It is sent by the client di-rectly af-ter af-ter 
the \OT1/cmtt/m/n/10 configuration-description
 []


Underfull \hbox (badness 10000) in paragraph at lines 142--143

 []

[2]
Underfull \hbox (badness 10000) in paragraph at lines 170--171

 []


Underfull \hbox (badness 10000) in paragraph at lines 186--187

 []

[3]
Underfull \hbox (badness 10000) in paragraph at lines 246--247

 []


Underfull \hbox (badness 10000) in paragraph at lines 268--269

 []

[4] [5]
Underfull \hbox (badness 10000) in paragraph at lines 365--366

 []

LaTeX Font Info:    External font `cmex10' loaded for size
(Font)              <7> on input line 367.
LaTeX Font Info:    External font `cmex10' loaded for size
(Font)              <5> on input line 367.
[6] [7]
Overfull \hbox (48.74657pt too wide) in paragraph at lines 540--540
[]                      \OT1/cmtt/m/n/10 command (history-backward|history-forw
ard) "backward"[] 
 []

[8]
Underfull \hbox (badness 10000) in paragraph at lines 545--546

 []


Underfull \hbox (badness 10000) in paragraph at lines 596--597

 []

[9]
Overfull \hbox (22.4968pt too wide) in paragraph at lines 626--626
[]                                 \OT1/cmtt/m/n/10 calculated-similarity CDATA
 #REQUIRED[] 
 []


Overfull \hbox (6.74693pt too wide) in paragraph at lines 626--626
[]                                 \OT1/cmtt/m/n/10 thumbnail-location CDATA #R
EQUIRED[] 
 []

[10] (mrml.dtd.aux) ) 
Here is how much of TeX's memory you used:
 207 strings out of 25901
 2008 string characters out of 197576
 50175 words of memory out of 384000
 3209 multiletter control sequences out of 10000+15000
 4462 words of font info for 17 fonts, out of 400000 for 1000
 14 hyphenation exceptions out of 1000
 23i,4n,17p,181b,299s stack positions out of 300i,100n,500p,50000b,4000s

Output written on mrml.dtd.dvi (10 pages, 12440 bytes).
